{"meta": {"format": 3, "version": "7.11.0", "timestamp": "2025-10-21T02:43:54.397271", "branch_coverage": false, "show_contexts": false}, "files": {"processing/analyzer.py": {"executed_lines": [], "summary": {"covered_lines": 0, "num_statements": 117, "percent_covered": 0.0, "percent_covered_display": "0", "missing_lines": 117, "excluded_lines": 0}, "missing_lines": [10, 11, 12, 13, 14, 15, 16, 18, 26, 35, 36, 38, 39, 45, 47, 55, 56, 58, 59, 60, 62, 63, 64, 66, 69, 70, 72, 73, 74, 75, 78, 79, 81, 82, 83, 84, 90, 96, 99, 100, 101, 103, 104, 107, 109, 121, 129, 130, 132, 133, 135, 137, 146, 148, 149, 150, 151, 152, 155, 156, 158, 159, 162, 163, 164, 167, 168, 169, 170, 173, 174, 175, 176, 177, 178, 179, 180, 181, 183, 184, 186, 197, 205, 206, 208, 209, 210, 212, 213, 215, 216, 218, 219, 220, 221, 222, 224, 226, 227, 228, 230, 232, 233, 234, 236, 237, 238, 239, 240, 241, 242, 244, 245, 246, 247, 249, 250], "excluded_lines": [], "functions": {"MotionAnalyzer.__init__": {"executed_lines": [], "summary": {"covered_lines": 0, "num_statements": 5, "percent_covered": 0.0, "percent_covered_display": "0", "missing_lines": 5, "excluded_lines": 0}, "missing_lines": [35, 36, 38, 39, 45], "excluded_lines": []}, "MotionAnalyzer.analyze_video": {"executed_lines": [], "summary": {"covered_lines": 0, "num_statements": 30, "percent_covered": 0.0, "percent_covered_display": "0", "missing_lines": 30, "excluded_lines": 0}, "missing_lines": [55, 56, 58, 59, 60, 62, 63, 64, 66, 69, 70, 72, 73, 74, 75, 78, 79, 81, 82, 83, 84, 90, 96, 99, 100, 101, 103, 104, 107, 109], "excluded_lines": []}, "MotionAnalyzer.calculate_score": {"executed_lines": [], "summary": {"covered_lines": 0, "num_statements": 5, "percent_covered": 0.0, "percent_covered_display": "0", "missing_lines": 5, "excluded_lines": 0}, "missing_lines": [129, 130, 132, 133, 135], "excluded_lines": []}, "MotionAnalyzer.score_pelvic_stability": {"executed_lines": [], "summary": {"covered_lines": 0, "num_statements": 29, "percent_covered": 0.0, "percent_covered_display": "0", "missing_lines": 29, "excluded_lines": 0}, "missing_lines": [146, 148, 149, 150, 151, 152, 155, 156, 158, 159, 162, 163, 164, 167, 168, 169, 170, 173, 174, 175, 176, 177, 178, 179, 180, 181, 183, 184, 186], "excluded_lines": []}, "MotionAnalyzer.save_results": {"executed_lines": [], "summary": {"covered_lines": 0, "num_statements": 9, "percent_covered": 0.0, "percent_covered_display": "0", "missing_lines": 9, "excluded_lines": 0}, "missing_lines": [205, 206, 208, 209, 210, 212, 213, 215, 216], "excluded_lines": []}, "main": {"executed_lines": [], "summary": {"covered_lines": 0, "num_statements": 23, "percent_covered": 0.0, "percent_covered_display": "0", "missing_lines": 23, "excluded_lines": 0}, "missing_lines": [219, 220, 221, 222, 224, 226, 227, 228, 230, 232, 233, 234, 236, 237, 238, 239, 240, 241, 242, 244, 245, 246, 247], "excluded_lines": []}, "": {"executed_lines": [], "summary": {"covered_lines": 0, "num_statements": 16, "percent_covered": 0.0, "percent_covered_display": "0", "missing_lines": 16, "excluded_lines": 0}, "missing_lines": [10, 11, 12, 13, 14, 15, 16, 18, 26, 47, 121, 137, 197, 218, 249, 250], "excluded_lines": []}}, "classes": {"MotionAnalyzer": {"executed_lines": [], "summary": {"covered_lines": 0, "num_statements": 78, "percent_covered": 0.0, "percent_covered_display": "0", "missing_lines": 78, "excluded_lines": 0}, "missing_lines": [35, 36, 38, 39, 45, 55, 56, 58, 59, 60, 62, 63, 64, 66, 69, 70, 72, 73, 74, 75, 78, 79, 81, 82, 83, 84, 90, 96, 99, 100, 101, 103, 104, 107, 109, 129, 130, 132, 133, 135, 146, 148, 149, 150, 151, 152, 155, 156, 158, 159, 162, 163, 164, 167, 168, 169, 170, 173, 174, 175, 176, 177, 178, 179, 180, 181, 183, 184, 186, 205, 206, 208, 209, 210, 212, 213, 215, 216], "excluded_lines": []}, "": {"executed_lines": [], "summary": {"covered_lines": 0, "num_statements": 39, "percent_covered": 0.0, "percent_covered_display": "0", "missing_lines": 39, "excluded_lines": 0}, "missing_lines": [10, 11, 12, 13, 14, 15, 16, 18, 26, 47, 121, 137, 197, 218, 219, 220, 221, 222, 224, 226, 227, 228, 230, 232, 233, 234, 236, 237, 238, 239, 240, 241, 242, 244, 245, 246, 247, 249, 250], "excluded_lines": []}}}, "processing/evaluators/__init__.py": {"executed_lines": [1, 4, 6], "summary": {"covered_lines": 2, "num_statements": 2, "percent_covered": 100.0, "percent_covered_display": "100", "missing_lines": 0, "excluded_lines": 0}, "missing_lines": [], "excluded_lines": [], "functions": {"": {"executed_lines": [1, 4, 6], "summary": {"covered_lines": 2, "num_statements": 2, "percent_covered": 100.0, "percent_covered_display": "100", "missing_lines": 0, "excluded_lines": 0}, "missing_lines": [], "excluded_lines": []}}, "classes": {"": {"executed_lines": [1, 4, 6], "summary": {"covered_lines": 2, "num_statements": 2, "percent_covered": 100.0, "percent_covered_display": "100", "missing_lines": 0, "excluded_lines": 0}, "missing_lines": [], "excluded_lines": []}}}, "processing/evaluators/cross_step.py": {"executed_lines": [1, 10, 11, 12, 13, 14, 15, 16, 19, 20, 29, 30, 31, 32, 33, 34, 36, 48, 49, 52, 53, 56, 57, 59, 78, 79, 87, 91, 94, 97, 99, 106, 117, 118, 122, 124, 125, 126, 127, 128, 131, 132, 134, 137, 138, 141, 143, 147, 150, 152, 154, 157, 159, 166, 178, 180, 181, 182, 184, 189, 196, 197, 198, 200, 203, 204, 207, 210, 212, 214, 217, 219, 225, 239, 241, 242, 245, 246, 247, 249, 254, 268, 270, 272, 275, 277, 280, 281, 282, 287, 288, 289, 293], "summary": {"covered_lines": 91, "num_statements": 109, "percent_covered": 83.4862385321101, "percent_covered_display": "83", "missing_lines": 18, "excluded_lines": 0}, "missing_lines": [50, 119, 135, 144, 151, 153, 155, 201, 211, 213, 215, 250, 252, 269, 271, 273, 284, 291], "excluded_lines": [], "functions": {"CrossStepEvaluator.__init__": {"executed_lines": [48, 49, 52, 53, 56, 57], "summary": {"covered_lines": 6, "num_statements": 7, "percent_covered": 85.71428571428571, "percent_covered_display": "86", "missing_lines": 1, "excluded_lines": 0}, "missing_lines": [50], "excluded_lines": []}, "CrossStepEvaluator.evaluate": {"executed_lines": [78, 79, 87, 91, 94, 97, 99], "summary": {"covered_lines": 7, "num_statements": 7, "percent_covered": 100.0, "percent_covered_display": "100", "missing_lines": 0, "excluded_lines": 0}, "missing_lines": [], "excluded_lines": []}, "CrossStepEvaluator._evaluate_step_width": {"executed_lines": [117, 118, 122, 124, 125, 126, 127, 128, 131, 132, 134, 137, 138, 141, 143, 147, 150, 152, 154, 157, 159], "summary": {"covered_lines": 21, "num_statements": 27, "percent_covered": 77.77777777777777, "percent_covered_display": "78", "missing_lines": 6, "excluded_lines": 0}, "missing_lines": [119, 135, 144, 151, 153, 155], "excluded_lines": []}, "CrossStepEvaluator._evaluate_knee_flexion": {"executed_lines": [178, 180, 181, 182, 184, 189, 196, 197, 198, 200, 203, 204, 207, 210, 212, 214, 217, 219], "summary": {"covered_lines": 18, "num_statements": 22, "percent_covered": 81.81818181818181, "percent_covered_display": "82", "missing_lines": 4, "excluded_lines": 0}, "missing_lines": [201, 211, 213, 215], "excluded_lines": []}, "CrossStepEvaluator._calculate_knee_angle": {"executed_lines": [239, 241, 242, 245, 246, 247, 249], "summary": {"covered_lines": 7, "num_statements": 9, "percent_covered": 77.77777777777777, "percent_covered_display": "78", "missing_lines": 2, "excluded_lines": 0}, "missing_lines": [250, 252], "excluded_lines": []}, "CrossStepEvaluator._generate_details": {"executed_lines": [268, 270, 272, 275, 277, 280, 281, 282, 287, 288, 289, 293], "summary": {"covered_lines": 12, "num_statements": 17, "percent_covered": 70.58823529411765, "percent_covered_display": "71", "missing_lines": 5, "excluded_lines": 0}, "missing_lines": [269, 271, 273, 284, 291], "excluded_lines": []}, "": {"executed_lines": [1, 10, 11, 12, 13, 14, 15, 16, 19, 20, 29, 30, 31, 32, 33, 34, 36, 59, 106, 166, 225, 254], "summary": {"covered_lines": 20, "num_statements": 20, "percent_covered": 100.0, "percent_covered_display": "100", "missing_lines": 0, "excluded_lines": 0}, "missing_lines": [], "excluded_lines": []}}, "classes": {"CrossStepEvaluator": {"executed_lines": [48, 49, 52, 53, 56, 57, 78, 79, 87, 91, 94, 97, 99, 117, 118, 122, 124, 125, 126, 127, 128, 131, 132, 134, 137, 138, 141, 143, 147, 150, 152, 154, 157, 159, 178, 180, 181, 182, 184, 189, 196, 197, 198, 200, 203, 204, 207, 210, 212, 214, 217, 219, 239, 241, 242, 245, 246, 247, 249, 268, 270, 272, 275, 277, 280, 281, 282, 287, 288, 289, 293], "summary": {"covered_lines": 71, "num_statements": 89, "percent_covered": 79.7752808988764, "percent_covered_display": "80", "missing_lines": 18, "excluded_lines": 0}, "missing_lines": [50, 119, 135, 144, 151, 153, 155, 201, 211, 213, 215, 250, 252, 269, 271, 273, 284, 291], "excluded_lines": []}, "": {"executed_lines": [1, 10, 11, 12, 13, 14, 15, 16, 19, 20, 29, 30, 31, 32, 33, 34, 36, 59, 106, 166, 225, 254], "summary": {"covered_lines": 20, "num_statements": 20, "percent_covered": 100.0, "percent_covered_display": "100", "missing_lines": 0, "excluded_lines": 0}, "missing_lines": [], "excluded_lines": []}}}, "processing/evaluators/jump_landing.py": {"executed_lines": [1, 10, 11, 12, 13, 14, 15, 16, 19, 20, 29, 30, 31, 32, 33, 34, 36, 48, 49, 52, 53, 56, 57, 59, 78, 79, 87, 91, 94, 97, 99, 106, 117, 118, 123, 125, 126, 127, 129, 130, 131, 132, 134, 138, 139, 140, 142, 145, 147, 151, 154, 156, 158, 159, 161, 163, 170, 182, 184, 185, 186, 188, 193, 200, 201, 202, 204, 207, 208, 211, 214, 216, 218, 221, 223, 229, 243, 245, 246, 249, 250, 251, 253, 258, 272, 274, 276, 279, 281, 284, 285, 286, 291, 292, 293, 297], "summary": {"covered_lines": 94, "num_statements": 111, "percent_covered": 84.68468468468468, "percent_covered_display": "85", "missing_lines": 17, "excluded_lines": 0}, "missing_lines": [50, 119, 135, 148, 155, 157, 205, 215, 217, 219, 254, 256, 273, 275, 277, 288, 295], "excluded_lines": [], "functions": {"JumpLandingEvaluator.__init__": {"executed_lines": [48, 49, 52, 53, 56, 57], "summary": {"covered_lines": 6, "num_statements": 7, "percent_covered": 85.71428571428571, "percent_covered_display": "86", "missing_lines": 1, "excluded_lines": 0}, "missing_lines": [50], "excluded_lines": []}, "JumpLandingEvaluator.evaluate": {"executed_lines": [78, 79, 87, 91, 94, 97, 99], "summary": {"covered_lines": 7, "num_statements": 7, "percent_covered": 100.0, "percent_covered_display": "100", "missing_lines": 0, "excluded_lines": 0}, "missing_lines": [], "excluded_lines": []}, "JumpLandingEvaluator._evaluate_jump_height": {"executed_lines": [117, 118, 123, 125, 126, 127, 129, 130, 131, 132, 134, 138, 139, 140, 142, 145, 147, 151, 154, 156, 158, 159, 161, 163], "summary": {"covered_lines": 24, "num_statements": 29, "percent_covered": 82.75862068965517, "percent_covered_display": "83", "missing_lines": 5, "excluded_lines": 0}, "missing_lines": [119, 135, 148, 155, 157], "excluded_lines": []}, "JumpLandingEvaluator._evaluate_landing_knee_flexion": {"executed_lines": [182, 184, 185, 186, 188, 193, 200, 201, 202, 204, 207, 208, 211, 214, 216, 218, 221, 223], "summary": {"covered_lines": 18, "num_statements": 22, "percent_covered": 81.81818181818181, "percent_covered_display": "82", "missing_lines": 4, "excluded_lines": 0}, "missing_lines": [205, 215, 217, 219], "excluded_lines": []}, "JumpLandingEvaluator._calculate_knee_angle": {"executed_lines": [243, 245, 246, 249, 250, 251, 253], "summary": {"covered_lines": 7, "num_statements": 9, "percent_covered": 77.77777777777777, "percent_covered_display": "78", "missing_lines": 2, "excluded_lines": 0}, "missing_lines": [254, 256], "excluded_lines": []}, "JumpLandingEvaluator._generate_details": {"executed_lines": [272, 274, 276, 279, 281, 284, 285, 286, 291, 292, 293, 297], "summary": {"covered_lines": 12, "num_statements": 17, "percent_covered": 70.58823529411765, "percent_covered_display": "71", "missing_lines": 5, "excluded_lines": 0}, "missing_lines": [273, 275, 277, 288, 295], "excluded_lines": []}, "": {"executed_lines": [1, 10, 11, 12, 13, 14, 15, 16, 19, 20, 29, 30, 31, 32, 33, 34, 36, 59, 106, 170, 229, 258], "summary": {"covered_lines": 20, "num_statements": 20, "percent_covered": 100.0, "percent_covered_display": "100", "missing_lines": 0, "excluded_lines": 0}, "missing_lines": [], "excluded_lines": []}}, "classes": {"JumpLandingEvaluator": {"executed_lines": [48, 49, 52, 53, 56, 57, 78, 79, 87, 91, 94, 97, 99, 117, 118, 123, 125, 126, 127, 129, 130, 131, 132, 134, 138, 139, 140, 142, 145, 147, 151, 154, 156, 158, 159, 161, 163, 182, 184, 185, 186, 188, 193, 200, 201, 202, 204, 207, 208, 211, 214, 216, 218, 221, 223, 243, 245, 246, 249, 250, 251, 253, 272, 274, 276, 279, 281, 284, 285, 286, 291, 292, 293, 297], "summary": {"covered_lines": 74, "num_statements": 91, "percent_covered": 81.31868131868131, "percent_covered_display": "81", "missing_lines": 17, "excluded_lines": 0}, "missing_lines": [50, 119, 135, 148, 155, 157, 205, 215, 217, 219, 254, 256, 273, 275, 277, 288, 295], "excluded_lines": []}, "": {"executed_lines": [1, 10, 11, 12, 13, 14, 15, 16, 19, 20, 29, 30, 31, 32, 33, 34, 36, 59, 106, 170, 229, 258], "summary": {"covered_lines": 20, "num_statements": 20, "percent_covered": 100.0, "percent_covered_display": "100", "missing_lines": 0, "excluded_lines": 0}, "missing_lines": [], "excluded_lines": []}}}, "processing/evaluators/push_pull.py": {"executed_lines": [1, 10, 11, 12, 13, 14, 15, 16, 19, 20, 29, 30, 31, 32, 33, 34, 35, 36, 38, 50, 51, 54, 55, 58, 59, 61, 80, 81, 89, 93, 96, 99, 101, 108, 119, 120, 124, 126, 127, 128, 130, 131, 132, 133, 136, 137, 140, 141, 143, 146, 147, 150, 152, 156, 159, 160, 168, 175, 187, 189, 190, 191, 193, 198, 205, 206, 207, 209, 212, 213, 216, 219, 220, 228, 234, 248, 250, 251, 254, 255, 256, 258, 263, 277, 278, 286, 289, 290, 291, 296, 297, 298, 302], "summary": {"covered_lines": 91, "num_statements": 115, "percent_covered": 79.1304347826087, "percent_covered_display": "79", "missing_lines": 24, "excluded_lines": 0}, "missing_lines": [52, 121, 144, 153, 161, 162, 163, 164, 166, 210, 221, 222, 223, 224, 226, 259, 261, 279, 280, 281, 282, 284, 293, 300], "excluded_lines": [], "functions": {"PushPullEvaluator.__init__": {"executed_lines": [50, 51, 54, 55, 58, 59], "summary": {"covered_lines": 6, "num_statements": 7, "percent_covered": 85.71428571428571, "percent_covered_display": "86", "missing_lines": 1, "excluded_lines": 0}, "missing_lines": [52], "excluded_lines": []}, "PushPullEvaluator.evaluate": {"executed_lines": [80, 81, 89, 93, 96, 99, 101], "summary": {"covered_lines": 7, "num_statements": 7, "percent_covered": 100.0, "percent_covered_display": "100", "missing_lines": 0, "excluded_lines": 0}, "missing_lines": [], "excluded_lines": []}, "PushPullEvaluator._evaluate_pull_distance": {"executed_lines": [119, 120, 124, 126, 127, 128, 130, 131, 132, 133, 136, 137, 140, 141, 143, 146, 147, 150, 152, 156, 159, 160, 168], "summary": {"covered_lines": 23, "num_statements": 31, "percent_covered": 74.19354838709677, "percent_covered_display": "74", "missing_lines": 8, "excluded_lines": 0}, "missing_lines": [121, 144, 153, 161, 162, 163, 164, 166], "excluded_lines": []}, "PushPullEvaluator._evaluate_push_angle": {"executed_lines": [187, 189, 190, 191, 193, 198, 205, 206, 207, 209, 212, 213, 216, 219, 220, 228], "summary": {"covered_lines": 16, "num_statements": 22, "percent_covered": 72.72727272727273, "percent_covered_display": "73", "missing_lines": 6, "excluded_lines": 0}, "missing_lines": [210, 221, 222, 223, 224, 226], "excluded_lines": []}, "PushPullEvaluator._calculate_elbow_angle": {"executed_lines": [248, 250, 251, 254, 255, 256, 258], "summary": {"covered_lines": 7, "num_statements": 9, "percent_covered": 77.77777777777777, "percent_covered_display": "78", "missing_lines": 2, "excluded_lines": 0}, "missing_lines": [259, 261], "excluded_lines": []}, "PushPullEvaluator._generate_details": {"executed_lines": [277, 278, 286, 289, 290, 291, 296, 297, 298, 302], "summary": {"covered_lines": 10, "num_statements": 17, "percent_covered": 58.8235294117647, "percent_covered_display": "59", "missing_lines": 7, "excluded_lines": 0}, "missing_lines": [279, 280, 281, 282, 284, 293, 300], "excluded_lines": []}, "": {"executed_lines": [1, 10, 11, 12, 13, 14, 15, 16, 19, 20, 29, 30, 31, 32, 33, 34, 35, 36, 38, 61, 108, 175, 234, 263], "summary": {"covered_lines": 22, "num_statements": 22, "percent_covered": 100.0, "percent_covered_display": "100", "missing_lines": 0, "excluded_lines": 0}, "missing_lines": [], "excluded_lines": []}}, "classes": {"PushPullEvaluator": {"executed_lines": [50, 51, 54, 55, 58, 59, 80, 81, 89, 93, 96, 99, 101, 119, 120, 124, 126, 127, 128, 130, 131, 132, 133, 136, 137, 140, 141, 143, 146, 147, 150, 152, 156, 159, 160, 168, 187, 189, 190, 191, 193, 198, 205, 206, 207, 209, 212, 213, 216, 219, 220, 228, 248, 250, 251, 254, 255, 256, 258, 277, 278, 286, 289, 290, 291, 296, 297, 298, 302], "summary": {"covered_lines": 69, "num_statements": 93, "percent_covered": 74.19354838709677, "percent_covered_display": "74", "missing_lines": 24, "excluded_lines": 0}, "missing_lines": [52, 121, 144, 153, 161, 162, 163, 164, 166, 210, 221, 222, 223, 224, 226, 259, 261, 279, 280, 281, 282, 284, 293, 300], "excluded_lines": []}, "": {"executed_lines": [1, 10, 11, 12, 13, 14, 15, 16, 19, 20, 29, 30, 31, 32, 33, 34, 35, 36, 38, 61, 108, 175, 234, 263], "summary": {"covered_lines": 22, "num_statements": 22, "percent_covered": 100.0, "percent_covered_display": "100", "missing_lines": 0, "excluded_lines": 0}, "missing_lines": [], "excluded_lines": []}}}, "processing/evaluators/single_leg_squat.py": {"executed_lines": [1, 10, 11, 12, 13, 16, 17, 26, 27, 28, 29, 30, 31, 33, 45, 46, 49, 50, 53, 55, 80, 81, 91, 94, 97, 100, 102, 110, 122, 124, 125, 126, 127, 128, 131, 132, 134, 137, 138, 141, 142, 143, 144, 147, 148, 149, 151, 154, 156, 163, 174, 177, 178, 179, 181, 186, 193, 194, 195, 197, 200, 201, 204, 207, 209, 211, 214, 216, 223, 235, 237, 238, 239, 241, 246, 252, 254, 255, 257, 260, 261, 264, 267, 269, 270, 271, 272, 274, 276, 283, 300, 302, 303, 306, 307, 310, 311, 314, 315, 316, 319, 322, 323, 325, 327, 342, 343, 344, 346, 349, 351, 354, 355, 356, 358, 361, 362, 363, 365, 368, 369, 370, 372, 374], "summary": {"covered_lines": 122, "num_statements": 135, "percent_covered": 90.37037037037037, "percent_covered_display": "90", "missing_lines": 13, "excluded_lines": 0}, "missing_lines": [47, 135, 150, 152, 198, 208, 210, 212, 258, 268, 320, 345, 347], "excluded_lines": [], "functions": {"SingleLegSquatEvaluator.__init__": {"executed_lines": [45, 46, 49, 50, 53], "summary": {"covered_lines": 5, "num_statements": 6, "percent_covered": 83.33333333333333, "percent_covered_display": "83", "missing_lines": 1, "excluded_lines": 0}, "missing_lines": [47], "excluded_lines": []}, "SingleLegSquatEvaluator.evaluate": {"executed_lines": [80, 81, 91, 94, 97, 100, 102], "summary": {"covered_lines": 7, "num_statements": 7, "percent_covered": 100.0, "percent_covered_display": "100", "missing_lines": 0, "excluded_lines": 0}, "missing_lines": [], "excluded_lines": []}, "SingleLegSquatEvaluator._evaluate_pelvic_stability": {"executed_lines": [122, 124, 125, 126, 127, 128, 131, 132, 134, 137, 138, 141, 142, 143, 144, 147, 148, 149, 151, 154, 156], "summary": {"covered_lines": 21, "num_statements": 24, "percent_covered": 87.5, "percent_covered_display": "88", "missing_lines": 3, "excluded_lines": 0}, "missing_lines": [135, 150, 152], "excluded_lines": []}, "SingleLegSquatEvaluator._evaluate_knee_flexion": {"executed_lines": [174, 177, 178, 179, 181, 186, 193, 194, 195, 197, 200, 201, 204, 207, 209, 211, 214, 216], "summary": {"covered_lines": 18, "num_statements": 22, "percent_covered": 81.81818181818181, "percent_covered_display": "82", "missing_lines": 4, "excluded_lines": 0}, "missing_lines": [198, 208, 210, 212], "excluded_lines": []}, "SingleLegSquatEvaluator._evaluate_knee_angle_ratio": {"executed_lines": [235, 237, 238, 239, 241, 246, 252, 254, 255, 257, 260, 261, 264, 267, 269, 270, 271, 272, 274, 276], "summary": {"covered_lines": 20, "num_statements": 22, "percent_covered": 90.9090909090909, "percent_covered_display": "91", "missing_lines": 2, "excluded_lines": 0}, "missing_lines": [258, 268], "excluded_lines": []}, "SingleLegSquatEvaluator._calculate_knee_angle": {"executed_lines": [300, 302, 303, 306, 307, 310, 311, 314, 315, 316, 319, 322, 323, 325], "summary": {"covered_lines": 14, "num_statements": 15, "percent_covered": 93.33333333333333, "percent_covered_display": "93", "missing_lines": 1, "excluded_lines": 0}, "missing_lines": [320], "excluded_lines": []}, "SingleLegSquatEvaluator._generate_details": {"executed_lines": [342, 343, 344, 346, 349, 351, 354, 355, 356, 358, 361, 362, 363, 365, 368, 369, 370, 372, 374], "summary": {"covered_lines": 19, "num_statements": 21, "percent_covered": 90.47619047619048, "percent_covered_display": "90", "missing_lines": 2, "excluded_lines": 0}, "missing_lines": [345, 347], "excluded_lines": []}, "": {"executed_lines": [1, 10, 11, 12, 13, 16, 17, 26, 27, 28, 29, 30, 31, 33, 55, 110, 163, 223, 283, 327], "summary": {"covered_lines": 18, "num_statements": 18, "percent_covered": 100.0, "percent_covered_display": "100", "missing_lines": 0, "excluded_lines": 0}, "missing_lines": [], "excluded_lines": []}}, "classes": {"SingleLegSquatEvaluator": {"executed_lines": [45, 46, 49, 50, 53, 80, 81, 91, 94, 97, 100, 102, 122, 124, 125, 126, 127, 128, 131, 132, 134, 137, 138, 141, 142, 143, 144, 147, 148, 149, 151, 154, 156, 174, 177, 178, 179, 181, 186, 193, 194, 195, 197, 200, 201, 204, 207, 209, 211, 214, 216, 235, 237, 238, 239, 241, 246, 252, 254, 255, 257, 260, 261, 264, 267, 269, 270, 271, 272, 274, 276, 300, 302, 303, 306, 307, 310, 311, 314, 315, 316, 319, 322, 323, 325, 342, 343, 344, 346, 349, 351, 354, 355, 356, 358, 361, 362, 363, 365, 368, 369, 370, 372, 374], "summary": {"covered_lines": 104, "num_statements": 117, "percent_covered": 88.88888888888889, "percent_covered_display": "89", "missing_lines": 13, "excluded_lines": 0}, "missing_lines": [47, 135, 150, 152, 198, 208, 210, 212, 258, 268, 320, 345, 347], "excluded_lines": []}, "": {"executed_lines": [1, 10, 11, 12, 13, 16, 17, 26, 27, 28, 29, 30, 31, 33, 55, 110, 163, 223, 283, 327], "summary": {"covered_lines": 18, "num_statements": 18, "percent_covered": 100.0, "percent_covered_display": "100", "missing_lines": 0, "excluded_lines": 0}, "missing_lines": [], "excluded_lines": []}}}, "processing/evaluators/skater_lunge.py": {"executed_lines": [1, 10, 11, 12, 13, 14, 15, 16, 19, 20, 29, 30, 31, 32, 33, 34, 36, 48, 49, 52, 53, 56, 57, 59, 79, 80, 89, 93, 96, 99, 102, 104, 112, 123, 124, 128, 130, 131, 132, 133, 134, 137, 138, 140, 143, 144, 147, 149, 153, 156, 158, 160, 163, 165, 172, 183, 184, 188, 190, 191, 192, 194, 195, 198, 199, 201, 204, 205, 208, 210, 214, 217, 218, 226, 233, 245, 247, 248, 249, 251, 256, 263, 264, 265, 267, 270, 271, 274, 277, 278, 286, 292, 306, 308, 309, 312, 313, 314, 316, 321, 336, 338, 340, 343, 345, 348, 349, 350, 355, 356, 357, 362, 363, 364, 368], "summary": {"covered_lines": 113, "num_statements": 142, "percent_covered": 79.5774647887324, "percent_covered_display": "80", "missing_lines": 29, "excluded_lines": 0}, "missing_lines": [50, 125, 141, 150, 157, 159, 161, 185, 202, 211, 219, 220, 221, 222, 224, 268, 279, 280, 281, 282, 284, 317, 319, 337, 339, 341, 352, 359, 366], "excluded_lines": [], "functions": {"SkaterLungeEvaluator.__init__": {"executed_lines": [48, 49, 52, 53, 56, 57], "summary": {"covered_lines": 6, "num_statements": 7, "percent_covered": 85.71428571428571, "percent_covered_display": "86", "missing_lines": 1, "excluded_lines": 0}, "missing_lines": [50], "excluded_lines": []}, "SkaterLungeEvaluator.evaluate": {"executed_lines": [79, 80, 89, 93, 96, 99, 102, 104], "summary": {"covered_lines": 8, "num_statements": 8, "percent_covered": 100.0, "percent_covered_display": "100", "missing_lines": 0, "excluded_lines": 0}, "missing_lines": [], "excluded_lines": []}, "SkaterLungeEvaluator._evaluate_step_width": {"executed_lines": [123, 124, 128, 130, 131, 132, 133, 134, 137, 138, 140, 143, 144, 147, 149, 153, 156, 158, 160, 163, 165], "summary": {"covered_lines": 21, "num_statements": 27, "percent_covered": 77.77777777777777, "percent_covered_display": "78", "missing_lines": 6, "excluded_lines": 0}, "missing_lines": [125, 141, 150, 157, 159, 161], "excluded_lines": []}, "SkaterLungeEvaluator._evaluate_lift_height": {"executed_lines": [183, 184, 188, 190, 191, 192, 194, 195, 198, 199, 201, 204, 205, 208, 210, 214, 217, 218, 226], "summary": {"covered_lines": 19, "num_statements": 27, "percent_covered": 70.37037037037037, "percent_covered_display": "70", "missing_lines": 8, "excluded_lines": 0}, "missing_lines": [185, 202, 211, 219, 220, 221, 222, 224], "excluded_lines": []}, "SkaterLungeEvaluator._evaluate_knee_extension": {"executed_lines": [245, 247, 248, 249, 251, 256, 263, 264, 265, 267, 270, 271, 274, 277, 278, 286], "summary": {"covered_lines": 16, "num_statements": 22, "percent_covered": 72.72727272727273, "percent_covered_display": "73", "missing_lines": 6, "excluded_lines": 0}, "missing_lines": [268, 279, 280, 281, 282, 284], "excluded_lines": []}, "SkaterLungeEvaluator._calculate_knee_angle": {"executed_lines": [306, 308, 309, 312, 313, 314, 316], "summary": {"covered_lines": 7, "num_statements": 9, "percent_covered": 77.77777777777777, "percent_covered_display": "78", "missing_lines": 2, "excluded_lines": 0}, "missing_lines": [317, 319], "excluded_lines": []}, "SkaterLungeEvaluator._generate_details": {"executed_lines": [336, 338, 340, 343, 345, 348, 349, 350, 355, 356, 357, 362, 363, 364, 368], "summary": {"covered_lines": 15, "num_statements": 21, "percent_covered": 71.42857142857143, "percent_covered_display": "71", "missing_lines": 6, "excluded_lines": 0}, "missing_lines": [337, 339, 341, 352, 359, 366], "excluded_lines": []}, "": {"executed_lines": [1, 10, 11, 12, 13, 14, 15, 16, 19, 20, 29, 30, 31, 32, 33, 34, 36, 59, 112, 172, 233, 292, 321], "summary": {"covered_lines": 21, "num_statements": 21, "percent_covered": 100.0, "percent_covered_display": "100", "missing_lines": 0, "excluded_lines": 0}, "missing_lines": [], "excluded_lines": []}}, "classes": {"SkaterLungeEvaluator": {"executed_lines": [48, 49, 52, 53, 56, 57, 79, 80, 89, 93, 96, 99, 102, 104, 123, 124, 128, 130, 131, 132, 133, 134, 137, 138, 140, 143, 144, 147, 149, 153, 156, 158, 160, 163, 165, 183, 184, 188, 190, 191, 192, 194, 195, 198, 199, 201, 204, 205, 208, 210, 214, 217, 218, 226, 245, 247, 248, 249, 251, 256, 263, 264, 265, 267, 270, 271, 274, 277, 278, 286, 306, 308, 309, 312, 313, 314, 316, 336, 338, 340, 343, 345, 348, 349, 350, 355, 356, 357, 362, 363, 364, 368], "summary": {"covered_lines": 92, "num_statements": 121, "percent_covered": 76.03305785123968, "percent_covered_display": "76", "missing_lines": 29, "excluded_lines": 0}, "missing_lines": [50, 125, 141, 150, 157, 159, 161, 185, 202, 211, 219, 220, 221, 222, 224, 268, 279, 280, 281, 282, 284, 317, 319, 337, 339, 341, 352, 359, 366], "excluded_lines": []}, "": {"executed_lines": [1, 10, 11, 12, 13, 14, 15, 16, 19, 20, 29, 30, 31, 32, 33, 34, 36, 59, 112, 172, 233, 292, 321], "summary": {"covered_lines": 21, "num_statements": 21, "percent_covered": 100.0, "percent_covered_display": "100", "missing_lines": 0, "excluded_lines": 0}, "missing_lines": [], "excluded_lines": []}}}, "processing/evaluators/stride_mimic.py": {"executed_lines": [1, 10, 11, 12, 13, 14, 15, 16, 19, 20, 29, 30, 31, 32, 33, 34, 35, 36, 38, 50, 51, 54, 55, 58, 59, 61, 80, 81, 89, 93, 96, 99, 101, 108, 120, 122, 123, 124, 126, 131, 138, 139, 140, 142, 145, 146, 149, 152, 153, 161, 167, 178, 179, 183, 185, 186, 187, 189, 190, 193, 194, 196, 199, 200, 203, 205, 209, 212, 213, 221, 228, 242, 244, 245, 248, 249, 250, 252, 257, 271, 272, 280, 283, 284, 285, 290, 291, 292, 296], "summary": {"covered_lines": 87, "num_statements": 111, "percent_covered": 78.37837837837837, "percent_covered_display": "78", "missing_lines": 24, "excluded_lines": 0}, "missing_lines": [52, 143, 154, 155, 156, 157, 159, 180, 197, 206, 214, 215, 216, 217, 219, 253, 255, 273, 274, 275, 276, 278, 287, 294], "excluded_lines": [], "functions": {"StrideMimicEvaluator.__init__": {"executed_lines": [50, 51, 54, 55, 58, 59], "summary": {"covered_lines": 6, "num_statements": 7, "percent_covered": 85.71428571428571, "percent_covered_display": "86", "missing_lines": 1, "excluded_lines": 0}, "missing_lines": [52], "excluded_lines": []}, "StrideMimicEvaluator.evaluate": {"executed_lines": [80, 81, 89, 93, 96, 99, 101], "summary": {"covered_lines": 7, "num_statements": 7, "percent_covered": 100.0, "percent_covered_display": "100", "missing_lines": 0, "excluded_lines": 0}, "missing_lines": [], "excluded_lines": []}, "StrideMimicEvaluator._evaluate_hip_extension": {"executed_lines": [120, 122, 123, 124, 126, 131, 138, 139, 140, 142, 145, 146, 149, 152, 153, 161], "summary": {"covered_lines": 16, "num_statements": 22, "percent_covered": 72.72727272727273, "percent_covered_display": "73", "missing_lines": 6, "excluded_lines": 0}, "missing_lines": [143, 154, 155, 156, 157, 159], "excluded_lines": []}, "StrideMimicEvaluator._evaluate_foot_clearance": {"executed_lines": [178, 179, 183, 185, 186, 187, 189, 190, 193, 194, 196, 199, 200, 203, 205, 209, 212, 213, 221], "summary": {"covered_lines": 19, "num_statements": 27, "percent_covered": 70.37037037037037, "percent_covered_display": "70", "missing_lines": 8, "excluded_lines": 0}, "missing_lines": [180, 197, 206, 214, 215, 216, 217, 219], "excluded_lines": []}, "StrideMimicEvaluator._calculate_hip_angle": {"executed_lines": [242, 244, 245, 248, 249, 250, 252], "summary": {"covered_lines": 7, "num_statements": 9, "percent_covered": 77.77777777777777, "percent_covered_display": "78", "missing_lines": 2, "excluded_lines": 0}, "missing_lines": [253, 255], "excluded_lines": []}, "StrideMimicEvaluator._generate_details": {"executed_lines": [271, 272, 280, 283, 284, 285, 290, 291, 292, 296], "summary": {"covered_lines": 10, "num_statements": 17, "percent_covered": 58.8235294117647, "percent_covered_display": "59", "missing_lines": 7, "excluded_lines": 0}, "missing_lines": [273, 274, 275, 276, 278, 287, 294], "excluded_lines": []}, "": {"executed_lines": [1, 10, 11, 12, 13, 14, 15, 16, 19, 20, 29, 30, 31, 32, 33, 34, 35, 36, 38, 61, 108, 167, 228, 257], "summary": {"covered_lines": 22, "num_statements": 22, "percent_covered": 100.0, "percent_covered_display": "100", "missing_lines": 0, "excluded_lines": 0}, "missing_lines": [], "excluded_lines": []}}, "classes": {"StrideMimicEvaluator": {"executed_lines": [50, 51, 54, 55, 58, 59, 80, 81, 89, 93, 96, 99, 101, 120, 122, 123, 124, 126, 131, 138, 139, 140, 142, 145, 146, 149, 152, 153, 161, 178, 179, 183, 185, 186, 187, 189, 190, 193, 194, 196, 199, 200, 203, 205, 209, 212, 213, 221, 242, 244, 245, 248, 249, 250, 252, 271, 272, 280, 283, 284, 285, 290, 291, 292, 296], "summary": {"covered_lines": 65, "num_statements": 89, "percent_covered": 73.03370786516854, "percent_covered_display": "73", "missing_lines": 24, "excluded_lines": 0}, "missing_lines": [52, 143, 154, 155, 156, 157, 159, 180, 197, 206, 214, 215, 216, 217, 219, 253, 255, 273, 274, 275, 276, 278, 287, 294], "excluded_lines": []}, "": {"executed_lines": [1, 10, 11, 12, 13, 14, 15, 16, 19, 20, 29, 30, 31, 32, 33, 34, 35, 36, 38, 61, 108, 167, 228, 257], "summary": {"covered_lines": 22, "num_statements": 22, "percent_covered": 100.0, "percent_covered_display": "100", "missing_lines": 0, "excluded_lines": 0}, "missing_lines": [], "excluded_lines": []}}}, "processing/evaluators/upper_body_swing.py": {"executed_lines": [1, 10, 11, 12, 13, 14, 15, 16, 19, 20, 29, 30, 31, 32, 33, 34, 35, 36, 38, 50, 51, 54, 55, 58, 59, 61, 85, 86, 94, 98, 101, 104, 106, 113, 128, 129, 133, 135, 136, 137, 139, 140, 143, 144, 146, 147, 150, 151, 153, 156, 157, 160, 162, 166, 169, 171, 173, 176, 178, 185, 200, 202, 203, 204, 206, 207, 208, 209, 211, 212, 215, 216, 218, 221, 222, 225, 228, 229, 230, 238, 245, 259, 261, 263, 266, 268, 271, 272, 273, 278, 279, 280, 284], "summary": {"covered_lines": 91, "num_statements": 111, "percent_covered": 81.98198198198199, "percent_covered_display": "82", "missing_lines": 20, "excluded_lines": 0}, "missing_lines": [52, 130, 154, 163, 170, 172, 174, 219, 226, 227, 231, 232, 233, 235, 236, 260, 262, 264, 275, 282], "excluded_lines": [], "functions": {"UpperBodySwingEvaluator.__init__": {"executed_lines": [50, 51, 54, 55, 58, 59], "summary": {"covered_lines": 6, "num_statements": 7, "percent_covered": 85.71428571428571, "percent_covered_display": "86", "missing_lines": 1, "excluded_lines": 0}, "missing_lines": [52], "excluded_lines": []}, "UpperBodySwingEvaluator.evaluate": {"executed_lines": [85, 86, 94, 98, 101, 104, 106], "summary": {"covered_lines": 7, "num_statements": 7, "percent_covered": 100.0, "percent_covered_display": "100", "missing_lines": 0, "excluded_lines": 0}, "missing_lines": [], "excluded_lines": []}, "UpperBodySwingEvaluator._evaluate_arm_amplitude": {"executed_lines": [128, 129, 133, 135, 136, 137, 139, 140, 143, 144, 146, 147, 150, 151, 153, 156, 157, 160, 162, 166, 169, 171, 173, 176, 178], "summary": {"covered_lines": 25, "num_statements": 31, "percent_covered": 80.64516129032258, "percent_covered_display": "81", "missing_lines": 6, "excluded_lines": 0}, "missing_lines": [130, 154, 163, 170, 172, 174], "excluded_lines": []}, "UpperBodySwingEvaluator._evaluate_symmetry": {"executed_lines": [200, 202, 203, 204, 206, 207, 208, 209, 211, 212, 215, 216, 218, 221, 222, 225, 228, 229, 230, 238], "summary": {"covered_lines": 20, "num_statements": 28, "percent_covered": 71.42857142857143, "percent_covered_display": "71", "missing_lines": 8, "excluded_lines": 0}, "missing_lines": [219, 226, 227, 231, 232, 233, 235, 236], "excluded_lines": []}, "UpperBodySwingEvaluator._generate_details": {"executed_lines": [259, 261, 263, 266, 268, 271, 272, 273, 278, 279, 280, 284], "summary": {"covered_lines": 12, "num_statements": 17, "percent_covered": 70.58823529411765, "percent_covered_display": "71", "missing_lines": 5, "excluded_lines": 0}, "missing_lines": [260, 262, 264, 275, 282], "excluded_lines": []}, "": {"executed_lines": [1, 10, 11, 12, 13, 14, 15, 16, 19, 20, 29, 30, 31, 32, 33, 34, 35, 36, 38, 61, 113, 185, 245], "summary": {"covered_lines": 21, "num_statements": 21, "percent_covered": 100.0, "percent_covered_display": "100", "missing_lines": 0, "excluded_lines": 0}, "missing_lines": [], "excluded_lines": []}}, "classes": {"UpperBodySwingEvaluator": {"executed_lines": [50, 51, 54, 55, 58, 59, 85, 86, 94, 98, 101, 104, 106, 128, 129, 133, 135, 136, 137, 139, 140, 143, 144, 146, 147, 150, 151, 153, 156, 157, 160, 162, 166, 169, 171, 173, 176, 178, 200, 202, 203, 204, 206, 207, 208, 209, 211, 212, 215, 216, 218, 221, 222, 225, 228, 229, 230, 238, 259, 261, 263, 266, 268, 271, 272, 273, 278, 279, 280, 284], "summary": {"covered_lines": 70, "num_statements": 90, "percent_covered": 77.77777777777777, "percent_covered_display": "78", "missing_lines": 20, "excluded_lines": 0}, "missing_lines": [52, 130, 154, 163, 170, 172, 174, 219, 226, 227, 231, 232, 233, 235, 236, 260, 262, 264, 275, 282], "excluded_lines": []}, "": {"executed_lines": [1, 10, 11, 12, 13, 14, 15, 16, 19, 20, 29, 30, 31, 32, 33, 34, 35, 36, 38, 61, 113, 185, 245], "summary": {"covered_lines": 21, "num_statements": 21, "percent_covered": 100.0, "percent_covered_display": "100", "missing_lines": 0, "excluded_lines": 0}, "missing_lines": [], "excluded_lines": []}}}, "processing/health_check.py": {"executed_lines": [1, 10, 11, 12, 13, 14, 15, 18, 19, 27, 39, 40, 43, 44, 47, 48, 49, 52, 53, 56, 58, 79, 80, 81, 82, 85, 86, 87, 90, 91, 94, 95, 96, 97, 98, 99, 106, 107, 110, 111, 115, 116, 118, 123, 133, 135, 136, 146, 148, 161, 164, 171, 172, 173, 174, 177, 180, 181, 182, 186, 187, 188, 191, 193, 200, 202, 217, 219, 233, 234, 236, 238, 251, 257, 258, 260, 262, 276, 277, 280, 282, 307, 318, 319, 321, 322, 323], "summary": {"covered_lines": 85, "num_statements": 98, "percent_covered": 86.73469387755102, "percent_covered_display": "87", "missing_lines": 13, "excluded_lines": 0}, "missing_lines": [41, 88, 175, 176, 183, 189, 194, 293, 299, 300, 301, 302, 304], "excluded_lines": [], "functions": {"HealthChecker.__init__": {"executed_lines": [39, 40, 43, 44, 47, 48, 49, 52, 53, 56], "summary": {"covered_lines": 10, "num_statements": 11, "percent_covered": 90.9090909090909, "percent_covered_display": "91", "missing_lines": 1, "excluded_lines": 0}, "missing_lines": [41], "excluded_lines": []}, "HealthChecker.check_landmark_quality": {"executed_lines": [79, 80, 81, 82, 85, 86, 87, 90, 91, 94, 95, 96, 97, 98, 99, 106, 107, 110, 111, 115, 116, 118, 123, 133, 135, 136, 146], "summary": {"covered_lines": 27, "num_statements": 28, "percent_covered": 96.42857142857143, "percent_covered_display": "96", "missing_lines": 1, "excluded_lines": 0}, "missing_lines": [88], "excluded_lines": []}, "HealthChecker.validate_config": {"executed_lines": [161, 164, 171, 172, 173, 174, 177, 180, 181, 182, 186, 187, 188, 191, 193, 200], "summary": {"covered_lines": 16, "num_statements": 21, "percent_covered": 76.19047619047619, "percent_covered_display": "76", "missing_lines": 5, "excluded_lines": 0}, "missing_lines": [175, 176, 183, 189, 194], "excluded_lines": []}, "HealthChecker.save_warnings": {"executed_lines": [217, 219, 233, 234, 236], "summary": {"covered_lines": 5, "num_statements": 5, "percent_covered": 100.0, "percent_covered_display": "100", "missing_lines": 0, "excluded_lines": 0}, "missing_lines": [], "excluded_lines": []}, "HealthChecker._add_warning": {"executed_lines": [251, 257, 258, 260], "summary": {"covered_lines": 4, "num_statements": 4, "percent_covered": 100.0, "percent_covered_display": "100", "missing_lines": 0, "excluded_lines": 0}, "missing_lines": [], "excluded_lines": []}, "HealthChecker._anonymize_path": {"executed_lines": [276, 277, 280], "summary": {"covered_lines": 3, "num_statements": 3, "percent_covered": 100.0, "percent_covered_display": "100", "missing_lines": 0, "excluded_lines": 0}, "missing_lines": [], "excluded_lines": []}, "HealthChecker.get_warnings_summary": {"executed_lines": [], "summary": {"covered_lines": 0, "num_statements": 6, "percent_covered": 0.0, "percent_covered_display": "0", "missing_lines": 6, "excluded_lines": 0}, "missing_lines": [293, 299, 300, 301, 302, 304], "excluded_lines": []}, "apply_random_seed": {"executed_lines": [318, 319, 321, 322, 323], "summary": {"covered_lines": 5, "num_statements": 5, "percent_covered": 100.0, "percent_covered_display": "100", "missing_lines": 0, "excluded_lines": 0}, "missing_lines": [], "excluded_lines": []}, "": {"executed_lines": [1, 10, 11, 12, 13, 14, 15, 18, 19, 27, 58, 148, 202, 238, 262, 282, 307], "summary": {"covered_lines": 15, "num_statements": 15, "percent_covered": 100.0, "percent_covered_display": "100", "missing_lines": 0, "excluded_lines": 0}, "missing_lines": [], "excluded_lines": []}}, "classes": {"HealthChecker": {"executed_lines": [39, 40, 43, 44, 47, 48, 49, 52, 53, 56, 79, 80, 81, 82, 85, 86, 87, 90, 91, 94, 95, 96, 97, 98, 99, 106, 107, 110, 111, 115, 116, 118, 123, 133, 135, 136, 146, 161, 164, 171, 172, 173, 174, 177, 180, 181, 182, 186, 187, 188, 191, 193, 200, 217, 219, 233, 234, 236, 251, 257, 258, 260, 276, 277, 280], "summary": {"covered_lines": 65, "num_statements": 78, "percent_covered": 83.33333333333333, "percent_covered_display": "83", "missing_lines": 13, "excluded_lines": 0}, "missing_lines": [41, 88, 175, 176, 183, 189, 194, 293, 299, 300, 301, 302, 304], "excluded_lines": []}, "": {"executed_lines": [1, 10, 11, 12, 13, 14, 15, 18, 19, 27, 58, 148, 202, 238, 262, 282, 307, 318, 319, 321, 322, 323], "summary": {"covered_lines": 20, "num_statements": 20, "percent_covered": 100.0, "percent_covered_display": "100", "missing_lines": 0, "excluded_lines": 0}, "missing_lines": [], "excluded_lines": []}}}, "processing/normalizer.py": {"executed_lines": [1, 10, 11, 12, 13, 16, 17, 27, 28, 29, 30, 31, 32, 33, 34, 36, 45, 46, 49, 50, 53, 55, 70, 72, 75, 76, 79, 83, 85, 91, 106, 107, 109, 110, 112, 114, 129, 130, 132, 133, 135, 137, 152, 153, 156, 162, 168, 169, 177, 192, 193, 196, 197, 198, 200, 203, 205, 224, 231, 251, 254, 255, 256, 257, 260, 262, 264, 269, 271, 276, 279, 298, 299, 301, 304, 305, 306], "summary": {"covered_lines": 75, "num_statements": 91, "percent_covered": 82.41758241758242, "percent_covered_display": "82", "missing_lines": 16, "excluded_lines": 0}, "missing_lines": [47, 73, 80, 87, 89, 170, 171, 172, 173, 175, 199, 201, 274, 302, 307, 308], "excluded_lines": [], "functions": {"BodyNormalizer.__init__": {"executed_lines": [45, 46, 49, 50, 53], "summary": {"covered_lines": 5, "num_statements": 6, "percent_covered": 83.33333333333333, "percent_covered_display": "83", "missing_lines": 1, "excluded_lines": 0}, "missing_lines": [47], "excluded_lines": []}, "BodyNormalizer.calculate_distance": {"executed_lines": [70, 72, 75, 76, 79, 83, 85], "summary": {"covered_lines": 7, "num_statements": 11, "percent_covered": 63.63636363636363, "percent_covered_display": "64", "missing_lines": 4, "excluded_lines": 0}, "missing_lines": [73, 80, 87, 89], "excluded_lines": []}, "BodyNormalizer.calculate_shoulder_width": {"executed_lines": [106, 107, 109, 110, 112], "summary": {"covered_lines": 5, "num_statements": 5, "percent_covered": 100.0, "percent_covered_display": "100", "missing_lines": 0, "excluded_lines": 0}, "missing_lines": [], "excluded_lines": []}, "BodyNormalizer.calculate_pelvis_width": {"executed_lines": [129, 130, 132, 133, 135], "summary": {"covered_lines": 5, "num_statements": 5, "percent_covered": 100.0, "percent_covered_display": "100", "missing_lines": 0, "excluded_lines": 0}, "missing_lines": [], "excluded_lines": []}, "BodyNormalizer.calculate_leg_length": {"executed_lines": [152, 153, 156, 162, 168, 169], "summary": {"covered_lines": 6, "num_statements": 11, "percent_covered": 54.54545454545455, "percent_covered_display": "55", "missing_lines": 5, "excluded_lines": 0}, "missing_lines": [170, 171, 172, 173, 175], "excluded_lines": []}, "BodyNormalizer.calculate_base_width": {"executed_lines": [192, 193, 196, 197, 198, 200, 203], "summary": {"covered_lines": 7, "num_statements": 9, "percent_covered": 77.77777777777777, "percent_covered_display": "78", "missing_lines": 2, "excluded_lines": 0}, "missing_lines": [199, 201], "excluded_lines": []}, "BodyNormalizer.normalize_frame_data": {"executed_lines": [224], "summary": {"covered_lines": 1, "num_statements": 1, "percent_covered": 100.0, "percent_covered_display": "100", "missing_lines": 0, "excluded_lines": 0}, "missing_lines": [], "excluded_lines": []}, "BodyNormalizer.normalize_landmarks_sequence": {"executed_lines": [251, 254, 255, 256, 257, 260, 262, 264, 269, 271, 276], "summary": {"covered_lines": 11, "num_statements": 12, "percent_covered": 91.66666666666667, "percent_covered_display": "92", "missing_lines": 1, "excluded_lines": 0}, "missing_lines": [274], "excluded_lines": []}, "normalize_value": {"executed_lines": [298, 299, 301, 304, 305, 306], "summary": {"covered_lines": 6, "num_statements": 9, "percent_covered": 66.66666666666667, "percent_covered_display": "67", "missing_lines": 3, "excluded_lines": 0}, "missing_lines": [302, 307, 308], "excluded_lines": []}, "": {"executed_lines": [1, 10, 11, 12, 13, 16, 17, 27, 28, 29, 30, 31, 32, 33, 34, 36, 55, 91, 114, 137, 177, 205, 231, 279], "summary": {"covered_lines": 22, "num_statements": 22, "percent_covered": 100.0, "percent_covered_display": "100", "missing_lines": 0, "excluded_lines": 0}, "missing_lines": [], "excluded_lines": []}}, "classes": {"BodyNormalizer": {"executed_lines": [45, 46, 49, 50, 53, 70, 72, 75, 76, 79, 83, 85, 106, 107, 109, 110, 112, 129, 130, 132, 133, 135, 152, 153, 156, 162, 168, 169, 192, 193, 196, 197, 198, 200, 203, 224, 251, 254, 255, 256, 257, 260, 262, 264, 269, 271, 276], "summary": {"covered_lines": 47, "num_statements": 60, "percent_covered": 78.33333333333333, "percent_covered_display": "78", "missing_lines": 13, "excluded_lines": 0}, "missing_lines": [47, 73, 80, 87, 89, 170, 171, 172, 173, 175, 199, 201, 274], "excluded_lines": []}, "": {"executed_lines": [1, 10, 11, 12, 13, 16, 17, 27, 28, 29, 30, 31, 32, 33, 34, 36, 55, 91, 114, 137, 177, 205, 231, 279, 298, 299, 301, 304, 305, 306], "summary": {"covered_lines": 28, "num_statements": 31, "percent_covered": 90.3225806451613, "percent_covered_display": "90", "missing_lines": 3, "excluded_lines": 0}, "missing_lines": [302, 307, 308], "excluded_lines": []}}}, "processing/pose_extractor.py": {"executed_lines": [1, 10, 11, 12, 13, 14, 15, 16, 17, 20, 21, 29, 48, 49, 56, 130, 177, 186, 187, 190, 303], "summary": {"covered_lines": 19, "num_statements": 88, "percent_covered": 21.59090909090909, "percent_covered_display": "22", "missing_lines": 69, "excluded_lines": 0}, "missing_lines": [80, 81, 82, 84, 85, 86, 88, 89, 92, 93, 94, 95, 98, 99, 102, 103, 104, 105, 111, 117, 120, 122, 152, 165, 171, 172, 174, 175, 205, 224, 231, 238, 246, 252, 255, 256, 257, 258, 261, 262, 264, 265, 266, 268, 269, 270, 271, 272, 273, 274, 276, 277, 278, 281, 282, 284, 285, 287, 290, 291, 292, 293, 295, 296, 298, 299, 300, 304, 311], "excluded_lines": [], "functions": {"PoseExtractor.__init__": {"executed_lines": [48, 49], "summary": {"covered_lines": 2, "num_statements": 2, "percent_covered": 100.0, "percent_covered_display": "100", "missing_lines": 0, "excluded_lines": 0}, "missing_lines": [], "excluded_lines": []}, "PoseExtractor.extract_landmarks": {"executed_lines": [], "summary": {"covered_lines": 0, "num_statements": 22, "percent_covered": 0.0, "percent_covered_display": "0", "missing_lines": 22, "excluded_lines": 0}, "missing_lines": [80, 81, 82, 84, 85, 86, 88, 89, 92, 93, 94, 95, 98, 99, 102, 103, 104, 105, 111, 117, 120, 122], "excluded_lines": []}, "PoseExtractor.save_to_json": {"executed_lines": [], "summary": {"covered_lines": 0, "num_statements": 6, "percent_covered": 0.0, "percent_covered_display": "0", "missing_lines": 6, "excluded_lines": 0}, "missing_lines": [152, 165, 171, 172, 174, 175], "excluded_lines": []}, "PoseExtractor.__del__": {"executed_lines": [186, 187], "summary": {"covered_lines": 2, "num_statements": 2, "percent_covered": 100.0, "percent_covered_display": "100", "missing_lines": 0, "excluded_lines": 0}, "missing_lines": [], "excluded_lines": []}, "main": {"executed_lines": [], "summary": {"covered_lines": 0, "num_statements": 39, "percent_covered": 0.0, "percent_covered_display": "0", "missing_lines": 39, "excluded_lines": 0}, "missing_lines": [205, 224, 231, 238, 246, 252, 255, 256, 257, 258, 261, 262, 264, 265, 266, 268, 269, 270, 271, 272, 273, 274, 276, 277, 278, 281, 282, 284, 285, 287, 290, 291, 292, 293, 295, 296, 298, 299, 300], "excluded_lines": []}, "": {"executed_lines": [1, 10, 11, 12, 13, 14, 15, 16, 17, 20, 21, 29, 56, 130, 177, 190, 303], "summary": {"covered_lines": 15, "num_statements": 17, "percent_covered": 88.23529411764706, "percent_covered_display": "88", "missing_lines": 2, "excluded_lines": 0}, "missing_lines": [304, 311], "excluded_lines": []}}, "classes": {"PoseExtractor": {"executed_lines": [48, 49, 186, 187], "summary": {"covered_lines": 4, "num_statements": 32, "percent_covered": 12.5, "percent_covered_display": "12", "missing_lines": 28, "excluded_lines": 0}, "missing_lines": [80, 81, 82, 84, 85, 86, 88, 89, 92, 93, 94, 95, 98, 99, 102, 103, 104, 105, 111, 117, 120, 122, 152, 165, 171, 172, 174, 175], "excluded_lines": []}, "": {"executed_lines": [1, 10, 11, 12, 13, 14, 15, 16, 17, 20, 21, 29, 56, 130, 177, 190, 303], "summary": {"covered_lines": 15, "num_statements": 56, "percent_covered": 26.785714285714285, "percent_covered_display": "27", "missing_lines": 41, "excluded_lines": 0}, "missing_lines": [205, 224, 231, 238, 246, 252, 255, 256, 257, 258, 261, 262, 264, 265, 266, 268, 269, 270, 271, 272, 273, 274, 276, 277, 278, 281, 282, 284, 285, 287, 290, 291, 292, 293, 295, 296, 298, 299, 300, 304, 311], "excluded_lines": []}}}, "processing/worker.py": {"executed_lines": [1, 10, 11, 12, 13, 15, 16, 17, 18, 19, 20, 21, 22, 23, 26, 27, 35, 47, 50, 51, 60, 61, 63, 95, 96, 97, 100, 101, 108, 109, 111, 113, 116, 120, 121, 126, 127, 132, 133, 134, 136, 139, 155, 156, 157, 158, 161, 164, 166, 168, 183, 184, 186, 187, 188, 190, 191, 193, 195, 209, 210, 211, 212, 213, 216, 217, 218, 219, 220, 222, 223, 225, 228, 242, 243], "summary": {"covered_lines": 73, "num_statements": 74, "percent_covered": 98.64864864864865, "percent_covered_display": "99", "missing_lines": 1, "excluded_lines": 0}, "missing_lines": [129], "excluded_lines": [], "functions": {"VideoProcessingWorker.__init__": {"executed_lines": [47, 50, 51, 60, 61], "summary": {"covered_lines": 5, "num_statements": 5, "percent_covered": 100.0, "percent_covered_display": "100", "missing_lines": 0, "excluded_lines": 0}, "missing_lines": [], "excluded_lines": []}, "VideoProcessingWorker.process_video": {"executed_lines": [95, 96, 97, 100, 101, 108, 109, 111, 113, 116, 120, 121, 126, 127, 132, 133, 134, 136, 139, 155, 156, 157, 158, 161, 164, 166], "summary": {"covered_lines": 26, "num_statements": 27, "percent_covered": 96.29629629629629, "percent_covered_display": "96", "missing_lines": 1, "excluded_lines": 0}, "missing_lines": [129], "excluded_lines": []}, "VideoProcessingWorker._save_results": {"executed_lines": [183, 184, 186, 187, 188, 190, 191, 193], "summary": {"covered_lines": 8, "num_statements": 8, "percent_covered": 100.0, "percent_covered_display": "100", "missing_lines": 0, "excluded_lines": 0}, "missing_lines": [], "excluded_lines": []}, "VideoProcessingWorker.get_summary": {"executed_lines": [209, 210, 211, 212, 213, 216, 217, 218, 219, 220, 222, 223, 225], "summary": {"covered_lines": 13, "num_statements": 13, "percent_covered": 100.0, "percent_covered_display": "100", "missing_lines": 0, "excluded_lines": 0}, "missing_lines": [], "excluded_lines": []}, "process_video": {"executed_lines": [242, 243], "summary": {"covered_lines": 2, "num_statements": 2, "percent_covered": 100.0, "percent_covered_display": "100", "missing_lines": 0, "excluded_lines": 0}, "missing_lines": [], "excluded_lines": []}, "": {"executed_lines": [1, 10, 11, 12, 13, 15, 16, 17, 18, 19, 20, 21, 22, 23, 26, 27, 35, 63, 168, 195, 228], "summary": {"covered_lines": 19, "num_statements": 19, "percent_covered": 100.0, "percent_covered_display": "100", "missing_lines": 0, "excluded_lines": 0}, "missing_lines": [], "excluded_lines": []}}, "classes": {"VideoProcessingWorker": {"executed_lines": [47, 50, 51, 60, 61, 95, 96, 97, 100, 101, 108, 109, 111, 113, 116, 120, 121, 126, 127, 132, 133, 134, 136, 139, 155, 156, 157, 158, 161, 164, 166, 183, 184, 186, 187, 188, 190, 191, 193, 209, 210, 211, 212, 213, 216, 217, 218, 219, 220, 222, 223, 225], "summary": {"covered_lines": 52, "num_statements": 53, "percent_covered": 98.11320754716981, "percent_covered_display": "98", "missing_lines": 1, "excluded_lines": 0}, "missing_lines": [129], "excluded_lines": []}, "": {"executed_lines": [1, 10, 11, 12, 13, 15, 16, 17, 18, 19, 20, 21, 22, 23, 26, 27, 35, 63, 168, 195, 228, 242, 243], "summary": {"covered_lines": 21, "num_statements": 21, "percent_covered": 100.0, "percent_covered_display": "100", "missing_lines": 0, "excluded_lines": 0}, "missing_lines": [], "excluded_lines": []}}}}, "totals": {"covered_lines": 943, "num_statements": 1304, "percent_covered": 72.3159509202454, "percent_covered_display": "72", "missing_lines": 361, "excluded_lines": 0}}